<?xml version="1.0" encoding="UTF-8"?>
<testsuite xmlns:xsi="http://www.w3.org/2001/XMLSchema-instance" xsi:noNamespaceSchemaLocation="https://maven.apache.org/surefire/maven-surefire-plugin/xsd/surefire-test-report-3.0.xsd" version="3.0" name="model.MorceauTest" time="0.023" tests="9" errors="0" skipped="0" failures="0">
  <properties>
    <property name="java.specification.version" value="21"/>
    <property name="sun.cpu.isalist" value="amd64"/>
    <property name="sun.jnu.encoding" value="Cp1252"/>
    <property name="java.class.path" value="C:\Users\saive\IdeaProjects\javaProject\untitled\target\test-classes;C:\Users\saive\IdeaProjects\javaProject\untitled\target\classes;C:\Users\saive\.m2\repository\org\junit\jupiter\junit-jupiter\5.13.0-M2\junit-jupiter-5.13.0-M2.jar;C:\Users\saive\.m2\repository\org\junit\jupiter\junit-jupiter-api\5.13.0-M2\junit-jupiter-api-5.13.0-M2.jar;C:\Users\saive\.m2\repository\org\opentest4j\opentest4j\1.3.0\opentest4j-1.3.0.jar;C:\Users\saive\.m2\repository\org\junit\platform\junit-platform-commons\1.13.0-M2\junit-platform-commons-1.13.0-M2.jar;C:\Users\saive\.m2\repository\org\apiguardian\apiguardian-api\1.1.2\apiguardian-api-1.1.2.jar;C:\Users\saive\.m2\repository\org\junit\jupiter\junit-jupiter-params\5.13.0-M2\junit-jupiter-params-5.13.0-M2.jar;C:\Users\saive\.m2\repository\org\junit\jupiter\junit-jupiter-engine\5.13.0-M2\junit-jupiter-engine-5.13.0-M2.jar;C:\Users\saive\.m2\repository\org\junit\platform\junit-platform-engine\1.13.0-M2\junit-platform-engine-1.13.0-M2.jar;C:\Users\saive\.m2\repository\com\formdev\flatlaf\3.4\flatlaf-3.4.jar;"/>
    <property name="java.vm.vendor" value="Microsoft"/>
    <property name="sun.arch.data.model" value="64"/>
    <property name="user.variant" value=""/>
    <property name="java.vendor.url" value="https://www.microsoft.com"/>
    <property name="user.timezone" value="Europe/Brussels"/>
    <property name="os.name" value="Windows 11"/>
    <property name="java.vm.specification.version" value="21"/>
    <property name="sun.java.launcher" value="SUN_STANDARD"/>
    <property name="user.country" value="BE"/>
    <property name="sun.boot.library.path" value="C:\Users\saive\.jdks\ms-21.0.6\bin"/>
    <property name="sun.java.command" value="C:\Users\saive\AppData\Local\Temp\surefire4802061610307577470\surefirebooter-20250418045955171_3.jar C:\Users\saive\AppData\Local\Temp\surefire4802061610307577470 2025-04-18T04-59-55_054-jvmRun1 surefire-20250418045955171_1tmp surefire_0-20250418045955171_2tmp"/>
    <property name="jdk.debug" value="release"/>
    <property name="surefire.test.class.path" value="C:\Users\saive\IdeaProjects\javaProject\untitled\target\test-classes;C:\Users\saive\IdeaProjects\javaProject\untitled\target\classes;C:\Users\saive\.m2\repository\org\junit\jupiter\junit-jupiter\5.13.0-M2\junit-jupiter-5.13.0-M2.jar;C:\Users\saive\.m2\repository\org\junit\jupiter\junit-jupiter-api\5.13.0-M2\junit-jupiter-api-5.13.0-M2.jar;C:\Users\saive\.m2\repository\org\opentest4j\opentest4j\1.3.0\opentest4j-1.3.0.jar;C:\Users\saive\.m2\repository\org\junit\platform\junit-platform-commons\1.13.0-M2\junit-platform-commons-1.13.0-M2.jar;C:\Users\saive\.m2\repository\org\apiguardian\apiguardian-api\1.1.2\apiguardian-api-1.1.2.jar;C:\Users\saive\.m2\repository\org\junit\jupiter\junit-jupiter-params\5.13.0-M2\junit-jupiter-params-5.13.0-M2.jar;C:\Users\saive\.m2\repository\org\junit\jupiter\junit-jupiter-engine\5.13.0-M2\junit-jupiter-engine-5.13.0-M2.jar;C:\Users\saive\.m2\repository\org\junit\platform\junit-platform-engine\1.13.0-M2\junit-platform-engine-1.13.0-M2.jar;C:\Users\saive\.m2\repository\com\formdev\flatlaf\3.4\flatlaf-3.4.jar;"/>
    <property name="sun.cpu.endian" value="little"/>
    <property name="user.home" value="C:\Users\saive"/>
    <property name="user.language" value="fr"/>
    <property name="java.specification.vendor" value="Oracle Corporation"/>
    <property name="java.version.date" value="2025-01-21"/>
    <property name="java.home" value="C:\Users\saive\.jdks\ms-21.0.6"/>
    <property name="file.separator" value="\"/>
    <property name="basedir" value="C:\Users\saive\IdeaProjects\javaProject\untitled"/>
    <property name="java.vm.compressedOopsMode" value="Zero based"/>
    <property name="line.separator" value="&#10;"/>
    <property name="java.vm.specification.vendor" value="Oracle Corporation"/>
    <property name="java.specification.name" value="Java Platform API Specification"/>
    <property name="surefire.real.class.path" value="C:\Users\saive\AppData\Local\Temp\surefire4802061610307577470\surefirebooter-20250418045955171_3.jar"/>
    <property name="user.script" value=""/>
    <property name="sun.management.compiler" value="HotSpot 64-Bit Tiered Compilers"/>
    <property name="java.runtime.version" value="21.0.6+7-LTS"/>
    <property name="user.name" value="saive"/>
    <property name="stdout.encoding" value="Cp1252"/>
    <property name="path.separator" value=";"/>
    <property name="os.version" value="10.0"/>
    <property name="java.runtime.name" value="OpenJDK Runtime Environment"/>
    <property name="file.encoding" value="UTF-8"/>
    <property name="java.vm.name" value="OpenJDK 64-Bit Server VM"/>
    <property name="java.vendor.version" value="Microsoft-10800203"/>
    <property name="localRepository" value="C:\Users\saive\.m2\repository"/>
    <property name="java.vendor.url.bug" value="https://github.com/microsoft/openjdk/issues"/>
    <property name="java.io.tmpdir" value="C:\Users\saive\AppData\Local\Temp\"/>
    <property name="idea.version" value="2024.3.5"/>
    <property name="java.version" value="21.0.6"/>
    <property name="user.dir" value="C:\Users\saive\IdeaProjects\javaProject\untitled"/>
    <property name="os.arch" value="amd64"/>
    <property name="java.vm.specification.name" value="Java Virtual Machine Specification"/>
    <property name="sun.os.patch.level" value=""/>
    <property name="native.encoding" value="Cp1252"/>
    <property name="java.library.path" value="C:\Users\saive\.jdks\ms-21.0.6\bin;C:\WINDOWS\Sun\Java\bin;C:\WINDOWS\system32;C:\WINDOWS;C:\Program Files\Common Files\Oracle\Java\javapath;C:\Program Files (x86)\Common Files\Oracle\Java\javapath;C:\Program Files (x86)\VMware\VMware Player\bin\;C:\Program Files\AdoptOpenJDK\jdk-11.0.7.10-hotspot\bin;C:\Program Files (x86)\Razer\ChromaBroadcast\bin;C:\Program Files\Razer\ChromaBroadcast\bin;C:\Program Files (x86)\Razer Chroma SDK\bin;C:\Program Files\Razer Chroma SDK\bin;C:\Windows\system32;C:\Windows;C:\Windows\System32\Wbem;C:\Windows\System32\WindowsPowerShell\v1.0\;C:\Windows\System32\OpenSSH\;C:\Program Files\NVIDIA Corporation\NVIDIA NvDLISR;C:\Program Files (x86)\NVIDIA Corporation\PhysX\Common;D:\python\Scripts\;D:\python\;C:\Users\saive\AppData\Local\Microsoft\WindowsApps;D:\Microsoft VS Code\bin;C:\WINDOWS\system32;C:\WINDOWS;C:\WINDOWS\System32\Wbem;C:\WINDOWS\System32\WindowsPowerShell\v1.0\;C:\WINDOWS\System32\OpenSSH\;C:\Program Files\dotnet\;C:\Program Files\Git\cmd;D:\python\Scripts\;D:\python\;C:\Users\saive\AppData\Local\Microsoft\WindowsApps;D:\pycharm\PyCharm Community Edition 2020.1.2\bin;;C:\Program Files\JetBrains\DataGrip 2020.1.5\bin;;D:\Sublime Text;C:\Program Files\Mozilla Firefox\firefox.exe;D:\IntelliJ IDEA 2024.3.5\bin;;."/>
    <property name="java.vm.info" value="mixed mode, sharing"/>
    <property name="stderr.encoding" value="Cp1252"/>
    <property name="java.vendor" value="Microsoft"/>
    <property name="java.vm.version" value="21.0.6+7-LTS"/>
    <property name="sun.io.unicode.encoding" value="UnicodeLittle"/>
    <property name="java.class.version" value="65.0"/>
  </properties>
  <testcase name="getId" classname="model.MorceauTest" time="0.009">
    <system-out><![CDATA[Morceau time: hash 1606304070 id 64
Morceau money: hash 9190301 id 65
]]></system-out>
  </testcase>
  <testcase name="getMinute" classname="model.MorceauTest" time="0.001">
    <system-out><![CDATA[Morceau time: hash 1278852808 id 66
Morceau money: hash 63390 id 67
]]></system-out>
  </testcase>
  <testcase name="getSecond" classname="model.MorceauTest" time="0.001">
    <system-out><![CDATA[Morceau time: hash 2129144075 id 69
Morceau money: hash 525968792 id 70
]]></system-out>
  </testcase>
  <testcase name="testEquals" classname="model.MorceauTest" time="0.001">
    <system-out><![CDATA[Morceau time: hash 504858437 id 71
Morceau money: hash 422330142 id 72
]]></system-out>
  </testcase>
  <testcase name="setDuree" classname="model.MorceauTest" time="0.002">
    <system-out><![CDATA[Morceau time: hash 649329985 id 75
Morceau money: hash 1955920234 id 76
]]></system-out>
  </testcase>
  <testcase name="setTitre" classname="model.MorceauTest" time="0.001">
    <system-out><![CDATA[Morceau time: hash 1444635922 id 78
Morceau money: hash 775386112 id 79
]]></system-out>
  </testcase>
  <testcase name="getDuree" classname="model.MorceauTest" time="0.0">
    <system-out><![CDATA[Morceau time: hash 391630194 id 81
Morceau money: hash 1146825051 id 82
]]></system-out>
  </testcase>
  <testcase name="getTitre" classname="model.MorceauTest" time="0.001">
    <system-out><![CDATA[Morceau time: hash 1239807799 id 83
Morceau money: hash 1550261631 id 84
]]></system-out>
  </testcase>
  <testcase name="dureeToString" classname="model.MorceauTest" time="0.002">
    <system-out><![CDATA[Morceau time: hash 1970436060 id 85
Morceau money: hash 1753127384 id 86
]]></system-out>
  </testcase>
</testsuite>